<?xml version="1.0" encoding="UTF-8"?>
<coverage generated="1632156693959" clover="3.2.0">
  <project timestamp="1632156693959" name="All files">
    <metrics statements="28" coveredstatements="11" conditionals="12" coveredconditionals="7" methods="7" coveredmethods="4" elements="47" coveredelements="22" complexity="0" loc="28" ncloc="28" packages="1" files="2" classes="2"/>
    <file name="main.ts" path="/Users/sebas/Documents/Code/minus5-or-multuply3/src/main.ts">
      <metrics statements="16" coveredstatements="0" conditionals="4" coveredconditionals="0" methods="3" coveredmethods="0"/>
      <line num="3" count="0" type="stmt"/>
      <line num="4" count="0" type="stmt"/>
      <line num="6" count="0" type="stmt"/>
      <line num="14" count="0" type="stmt"/>
      <line num="15" count="0" type="stmt"/>
      <line num="16" count="0" type="stmt"/>
      <line num="17" count="0" type="stmt"/>
      <line num="18" count="0" type="cond" truecount="0" falsecount="2"/>
      <line num="19" count="0" type="cond" truecount="0" falsecount="2"/>
      <line num="20" count="0" type="stmt"/>
      <line num="21" count="0" type="stmt"/>
      <line num="23" count="0" type="stmt"/>
      <line num="24" count="0" type="stmt"/>
      <line num="25" count="0" type="stmt"/>
      <line num="31" count="0" type="stmt"/>
      <line num="32" count="0" type="stmt"/>
    </file>
    <file name="minus3OrMultiply5resolver.ts" path="/Users/sebas/Documents/Code/minus5-or-multuply3/src/minus3OrMultiply5resolver.ts">
      <metrics statements="12" coveredstatements="11" conditionals="8" coveredconditionals="7" methods="4" coveredmethods="4"/>
      <line num="3" count="1" type="stmt"/>
      <line num="6" count="1" type="stmt"/>
      <line num="11" count="42" type="cond" truecount="2" falsecount="0"/>
      <line num="12" count="3" type="stmt"/>
      <line num="13" count="39" type="cond" truecount="2" falsecount="0"/>
      <line num="14" count="19" type="stmt"/>
      <line num="16" count="20" type="cond" truecount="2" falsecount="0"/>
      <line num="19" count="3" type="stmt"/>
      <line num="20" count="3" type="stmt"/>
      <line num="21" count="3" type="cond" truecount="1" falsecount="1"/>
      <line num="22" count="3" type="stmt"/>
      <line num="24" count="0" type="stmt"/>
    </file>
  </project>
</coverage>
