{"/Users/sebas/Documents/Code/minus5-or-multuply3/src/main.ts": {"path":"/Users/sebas/Documents/Code/minus5-or-multuply3/src/main.ts","statementMap":{"0":{"start":{"line":3,"column":0},"end":{"line":3,"column":72}},"1":{"start":{"line":4,"column":0},"end":{"line":4,"column":33}},"2":{"start":{"line":6,"column":19},"end":{"line":12,"column":2}},"3":{"start":{"line":14,"column":0},"end":{"line":14,"column":15}},"4":{"start":{"line":15,"column":0},"end":{"line":15,"column":51}},"5":{"start":{"line":16,"column":0},"end":{"line":28,"column":5}},"6":{"start":{"line":17,"column":21},"end":{"line":17,"column":53}},"7":{"start":{"line":18,"column":4},"end":{"line":18,"column":null}},"8":{"start":{"line":18,"column":15},"end":{"line":18,"column":26}},"9":{"start":{"line":19,"column":4},"end":{"line":22,"column":null}},"10":{"start":{"line":20,"column":6},"end":{"line":20,"column":null}},"11":{"start":{"line":21,"column":6},"end":{"line":21,"column":13}},"12":{"start":{"line":23,"column":4},"end":{"line":23,"column":64}},"13":{"start":{"line":24,"column":4},"end":{"line":26,"column":null}},"14":{"start":{"line":25,"column":6},"end":{"line":25,"column":45}},"15":{"start":{"line":31,"column":2},"end":{"line":31,"column":28}},"16":{"start":{"line":32,"column":2},"end":{"line":32,"column":11}}},"fnMap":{"0":{"name":"(anonymous_0)","decl":{"start":{"line":16,"column":23},"end":{"line":16,"column":24}},"loc":{"start":{"line":16,"column":45},"end":{"line":28,"column":3}}},"1":{"name":"(anonymous_1)","decl":{"start":{"line":24,"column":47},"end":{"line":24,"column":49}},"loc":{"start":{"line":24,"column":52},"end":{"line":26,"column":5}}},"2":{"name":"onErr","decl":{"start":{"line":30,"column":9},"end":{"line":30,"column":14}},"loc":{"start":{"line":30,"column":18},"end":{"line":33,"column":1}}}},"branchMap":{"0":{"loc":{"start":{"line":18,"column":4},"end":{"line":18,"column":null}},"type":"if","locations":[{"start":{"line":18,"column":4},"end":{"line":18,"column":null}},{"start":{"line":18,"column":4},"end":{"line":18,"column":null}}]},"1":{"loc":{"start":{"line":19,"column":4},"end":{"line":22,"column":null}},"type":"if","locations":[{"start":{"line":19,"column":4},"end":{"line":22,"column":null}},{"start":{"line":19,"column":4},"end":{"line":22,"column":null}}]}},"s":{"0":0,"1":0,"2":0,"3":0,"4":0,"5":0,"6":0,"7":0,"8":0,"9":0,"10":0,"11":0,"12":0,"13":0,"14":0,"15":0,"16":0},"f":{"0":0,"1":0,"2":0},"b":{"0":[0,0],"1":[0,0]}}
,"/Users/sebas/Documents/Code/minus5-or-multuply3/src/minus3OrMultiply5resolver.ts": {"path":"/Users/sebas/Documents/Code/minus5-or-multuply3/src/minus3OrMultiply5resolver.ts","statementMap":{"0":{"start":{"line":6,"column":4},"end":{"line":6,"column":37}},"1":{"start":{"line":11,"column":6},"end":{"line":17,"column":56}},"2":{"start":{"line":12,"column":8},"end":{"line":12,"column":23}},"3":{"start":{"line":13,"column":11},"end":{"line":17,"column":56}},"4":{"start":{"line":14,"column":8},"end":{"line":14,"column":20}},"5":{"start":{"line":16,"column":8},"end":{"line":17,"column":56}},"6":{"start":{"line":19,"column":4},"end":{"line":26,"column":7}},"7":{"start":{"line":20,"column":20},"end":{"line":20,"column":67}},"8":{"start":{"line":21,"column":6},"end":{"line":25,"column":null}},"9":{"start":{"line":22,"column":8},"end":{"line":22,"column":23}},"10":{"start":{"line":24,"column":8},"end":{"line":24,"column":21}},"11":{"start":{"line":3,"column":0},"end":{"line":3,"column":13}}},"fnMap":{"0":{"name":"(anonymous_0)","decl":{"start":{"line":5,"column":2},"end":{"line":5,"column":14}},"loc":{"start":{"line":5,"column":34},"end":{"line":7,"column":3}}},"1":{"name":"(anonymous_1)","decl":{"start":{"line":9,"column":9},"end":{"line":9,"column":21}},"loc":{"start":{"line":9,"column":36},"end":{"line":27,"column":3}}},"2":{"name":"find","decl":{"start":{"line":10,"column":13},"end":{"line":10,"column":17}},"loc":{"start":{"line":10,"column":32},"end":{"line":18,"column":5}}},"3":{"name":"(anonymous_3)","decl":{"start":{"line":19,"column":23},"end":{"line":19,"column":24}},"loc":{"start":{"line":19,"column":94},"end":{"line":26,"column":5}}}},"branchMap":{"0":{"loc":{"start":{"line":11,"column":6},"end":{"line":17,"column":56}},"type":"if","locations":[{"start":{"line":11,"column":6},"end":{"line":17,"column":56}},{"start":{"line":11,"column":6},"end":{"line":17,"column":56}}]},"1":{"loc":{"start":{"line":13,"column":11},"end":{"line":17,"column":56}},"type":"if","locations":[{"start":{"line":13,"column":11},"end":{"line":17,"column":56}},{"start":{"line":13,"column":11},"end":{"line":17,"column":56}}]},"2":{"loc":{"start":{"line":16,"column":15},"end":{"line":16,"column":55}},"type":"binary-expr","locations":[{"start":{"line":16,"column":15},"end":{"line":16,"column":55}},{"start":{"line":17,"column":15},"end":{"line":17,"column":55}}]},"3":{"loc":{"start":{"line":21,"column":6},"end":{"line":25,"column":null}},"type":"if","locations":[{"start":{"line":21,"column":6},"end":{"line":25,"column":null}},{"start":{"line":21,"column":6},"end":{"line":25,"column":null}}]}},"s":{"0":1,"1":42,"2":3,"3":39,"4":19,"5":20,"6":3,"7":3,"8":3,"9":3,"10":0,"11":1},"f":{"0":1,"1":3,"2":42,"3":3},"b":{"0":[3,39],"1":[19,20],"2":[20,19],"3":[3,0]}}
}
