TN:
SF:src/main.ts
FN:16,(anonymous_0)
FN:24,(anonymous_1)
FN:30,onErr
FNF:3
FNH:0
FNDA:0,(anonymous_0)
FNDA:0,(anonymous_1)
FNDA:0,onErr
DA:3,0
DA:4,0
DA:6,0
DA:14,0
DA:15,0
DA:16,0
DA:17,0
DA:18,0
DA:19,0
DA:20,0
DA:21,0
DA:23,0
DA:24,0
DA:25,0
DA:31,0
DA:32,0
LF:16
LH:0
BRDA:18,0,0,0
BRDA:18,0,1,0
BRDA:19,1,0,0
BRDA:19,1,1,0
BRF:4
BRH:0
end_of_record
TN:
SF:src/minus3OrMultiply5resolver.ts
FN:5,(anonymous_0)
FN:9,(anonymous_1)
FN:10,find
FN:19,(anonymous_3)
FNF:4
FNH:4
FNDA:1,(anonymous_0)
FNDA:3,(anonymous_1)
FNDA:42,find
FNDA:3,(anonymous_3)
DA:3,1
DA:6,1
DA:11,42
DA:12,3
DA:13,39
DA:14,19
DA:16,20
DA:19,3
DA:20,3
DA:21,3
DA:22,3
DA:24,0
LF:12
LH:11
BRDA:11,0,0,3
BRDA:11,0,1,39
BRDA:13,1,0,19
BRDA:13,1,1,20
BRDA:16,2,0,20
BRDA:16,2,1,19
BRDA:21,3,0,3
BRDA:21,3,1,0
BRF:8
BRH:7
end_of_record
